timestamp: 2016-03-04T06:51:02.923697
CREATE TABLE auth_user(
    id INTEGER PRIMARY KEY AUTOINCREMENT,
    first_name CHAR(128),
    last_name CHAR(128),
    email CHAR(512),
    username CHAR(128),
    password CHAR(512),
    registration_key CHAR(512),
    reset_password_key CHAR(512),
    registration_id CHAR(512)
);
success!
timestamp: 2016-03-04T06:51:02.933386
CREATE TABLE auth_group(
    id INTEGER PRIMARY KEY AUTOINCREMENT,
    role CHAR(512),
    description TEXT
);
success!
timestamp: 2016-03-04T06:51:02.946136
CREATE TABLE auth_membership(
    id INTEGER PRIMARY KEY AUTOINCREMENT,
    user_id INTEGER REFERENCES auth_user (id) ON DELETE CASCADE  ,
    group_id INTEGER REFERENCES auth_group (id) ON DELETE CASCADE  
);
success!
timestamp: 2016-03-04T06:51:02.952421
CREATE TABLE auth_permission(
    id INTEGER PRIMARY KEY AUTOINCREMENT,
    group_id INTEGER REFERENCES auth_group (id) ON DELETE CASCADE  ,
    name CHAR(512),
    table_name CHAR(512),
    record_id INTEGER
);
success!
timestamp: 2016-03-04T06:51:02.959068
CREATE TABLE auth_event(
    id INTEGER PRIMARY KEY AUTOINCREMENT,
    time_stamp TIMESTAMP,
    client_ip CHAR(512),
    user_id INTEGER REFERENCES auth_user (id) ON DELETE CASCADE  ,
    origin CHAR(512),
    description TEXT
);
success!
timestamp: 2016-03-04T06:51:02.966472
CREATE TABLE auth_cas(
    id INTEGER PRIMARY KEY AUTOINCREMENT,
    user_id INTEGER REFERENCES auth_user (id) ON DELETE CASCADE  ,
    created_on TIMESTAMP,
    service CHAR(512),
    ticket CHAR(512),
    renew CHAR(1)
);
success!
timestamp: 2016-03-04T06:51:02.972965
CREATE TABLE category(
    id INTEGER PRIMARY KEY AUTOINCREMENT,
    name CHAR(512)
);
success!
timestamp: 2016-03-04T06:51:02.979327
CREATE TABLE list_item_type(
    id INTEGER PRIMARY KEY AUTOINCREMENT,
    name CHAR(512)
);
success!
timestamp: 2016-03-04T06:51:02.989021
CREATE TABLE item(
    id INTEGER PRIMARY KEY AUTOINCREMENT,
    list_type INTEGER REFERENCES list_item_type (id) ON DELETE CASCADE  ,
    name CHAR(512),
    description TEXT,
    item_value DOUBLE,
    owner_ref INTEGER REFERENCES auth_user (id) ON DELETE CASCADE  ,
    image CHAR(512),
    category INTEGER REFERENCES category (id) ON DELETE CASCADE  
);
success!
timestamp: 2016-03-04T06:51:02.996768
CREATE TABLE trade_proposal(
    id INTEGER PRIMARY KEY AUTOINCREMENT,
    status INTEGER,
    sender INTEGER REFERENCES auth_user (id) ON DELETE CASCADE  ,
    sender_items TEXT,
    receiver INTEGER REFERENCES auth_user (id) ON DELETE CASCADE  ,
    receiver_items TEXT,
    created TIMESTAMP,
    updated TIMESTAMP
);
success!
