timestamp: 2016-02-22T17:20:22.313757
CREATE TABLE auth_user(
    id INTEGER PRIMARY KEY AUTOINCREMENT,
    first_name CHAR(128),
    last_name CHAR(128),
    email CHAR(512),
    username CHAR(128),
    password CHAR(512),
    registration_key CHAR(512),
    reset_password_key CHAR(512),
    registration_id CHAR(512)
);
success!
timestamp: 2016-02-22T17:20:22.317534
CREATE TABLE auth_group(
    id INTEGER PRIMARY KEY AUTOINCREMENT,
    role CHAR(512),
    description TEXT
);
success!
timestamp: 2016-02-22T17:20:22.321671
CREATE TABLE auth_membership(
    id INTEGER PRIMARY KEY AUTOINCREMENT,
    user_id INTEGER REFERENCES auth_user (id) ON DELETE CASCADE  ,
    group_id INTEGER REFERENCES auth_group (id) ON DELETE CASCADE  
);
success!
timestamp: 2016-02-22T17:20:22.324708
CREATE TABLE auth_permission(
    id INTEGER PRIMARY KEY AUTOINCREMENT,
    group_id INTEGER REFERENCES auth_group (id) ON DELETE CASCADE  ,
    name CHAR(512),
    table_name CHAR(512),
    record_id INTEGER
);
success!
timestamp: 2016-02-22T17:20:22.347109
CREATE TABLE auth_event(
    id INTEGER PRIMARY KEY AUTOINCREMENT,
    time_stamp TIMESTAMP,
    client_ip CHAR(512),
    user_id INTEGER REFERENCES auth_user (id) ON DELETE CASCADE  ,
    origin CHAR(512),
    description TEXT
);
success!
timestamp: 2016-02-22T17:20:22.351368
CREATE TABLE auth_cas(
    id INTEGER PRIMARY KEY AUTOINCREMENT,
    user_id INTEGER REFERENCES auth_user (id) ON DELETE CASCADE  ,
    created_on TIMESTAMP,
    service CHAR(512),
    ticket CHAR(512),
    renew CHAR(1)
);
success!
timestamp: 2016-02-22T17:20:22.355791
CREATE TABLE item(
    id INTEGER PRIMARY KEY AUTOINCREMENT,
    list_type INTEGER,
    name CHAR(512),
    description TEXT,
    item_value INTEGER,
    owner_ref INTEGER REFERENCES auth_user (id) ON DELETE CASCADE  ,
    image CHAR(512),
    categories TEXT
);
success!
timestamp: 2016-02-22T17:20:22.359041
CREATE TABLE category(
    id INTEGER PRIMARY KEY AUTOINCREMENT,
    name CHAR(512)
);
success!
timestamp: 2016-02-22T17:20:22.361850
CREATE TABLE trade_proposal(
    id INTEGER PRIMARY KEY AUTOINCREMENT,
    status INTEGER,
    sender INTEGER REFERENCES auth_user (id) ON DELETE CASCADE  ,
    sender_items TEXT,
    receiver INTEGER REFERENCES auth_user (id) ON DELETE CASCADE  ,
    receiver_items TEXT,
    created TIMESTAMP,
    updated TIMESTAMP
);
success!
